{
  "RSpec": {
    "coverage": {
      "/Users/jackhenley/code/project/movie_quiz/app/models/movie.rb": [
        1,
        null,
        null,
        1,
        1,
        1,
        null,
        1,
        1,
        1,
        null,
        null,
        1,
        2,
        2,
        1,
        null,
        null,
        1,
        null,
        null,
        null,
        null,
        1,
        4,
        4,
        4,
        4,
        null,
        null,
        1,
        2,
        2,
        1,
        null,
        0,
        null,
        0,
        0,
        null,
        1,
        null,
        null,
        1,
        1,
        1,
        0,
        null,
        1,
        0,
        null,
        0,
        0,
        0,
        null,
        null,
        null,
        1,
        null,
        0,
        0,
        null,
        0,
        null,
        0,
        null,
        0,
        null,
        0,
        0,
        null,
        null,
        null,
        null,
        null,
        1,
        0,
        0,
        0,
        0,
        null,
        null,
        0,
        null,
        null,
        null
      ],
      "/Users/jackhenley/code/project/movie_quiz/app/models/cast_member.rb": [
        1,
        1,
        1,
        null
      ]
    },
    "timestamp": 1392219059
  }
}
